android/app/build/intermediates/manifest_merge_blame_file/debug/manifest-merger-blame-debug-report.txt
1<?xml version="1.0" encoding="utf-8"?>
2<manifest xmlns:android="http://schemas.android.com/apk/res/android"
3    package="com.bfnm.mita"
4    android:versionCode="1"
5    android:versionName="1.0.0" >
6
7    <uses-sdk
8        android:minSdkVersion="23"
9        android:targetSdkVersion="30" />
10    <!--
11         Flutter needs it to communicate with the running application
12         to allow setting breakpoints, to provide hot reload, etc.
13    -->
14    <uses-permission android:name="android.permission.INTERNET" />
14-->src\main\AndroidManifest.xml:5:5-67
14-->src\main\AndroidManifest.xml:5:22-64
15    <uses-permission android:name="android.permission.CAMERA" />
15-->src\main\AndroidManifest.xml:3:5-65
15-->src\main\AndroidManifest.xml:3:22-62
16    <uses-permission android:name="android.permission.READ_EXTERNAL_STORAGE" />
16-->src\main\AndroidManifest.xml:6:5-80
16-->src\main\AndroidManifest.xml:6:22-77
17    <uses-permission android:name="android.permission.WRITE_EXTERNAL_STORAGE" />
17-->src\main\AndroidManifest.xml:4:5-81
17-->src\main\AndroidManifest.xml:4:22-78
18    <uses-permission android:name="android.permission.RECORD_AUDIO" />
18-->src\main\AndroidManifest.xml:8:5-71
18-->src\main\AndroidManifest.xml:8:22-68
19
20    <uses-feature android:name="android.hardware.camera" />
20-->[:flutter_barcode_scanner] AndroidManifest.xml:11:5-60
20-->[:flutter_barcode_scanner] AndroidManifest.xml:11:19-57
21
22    <uses-permission android:name="android.permission.FLASHLIGHT" />
22-->[:flutter_barcode_scanner] AndroidManifest.xml:13:5-69
22-->[:flutter_barcode_scanner] AndroidManifest.xml:13:22-66
23    <uses-permission android:name="android.permission.WAKE_LOCK" />
23-->[:firebase_messaging] AndroidManifest.xml:8:5-68
23-->[:firebase_messaging] AndroidManifest.xml:8:22-65
24    <uses-permission android:name="android.permission.ACCESS_NETWORK_STATE" />
24-->[:firebase_messaging] AndroidManifest.xml:9:5-79
24-->[:firebase_messaging] AndroidManifest.xml:9:22-76
25    <uses-permission android:name="android.permission.RECEIVE_BOOT_COMPLETED" />
25-->[:flutter_local_notifications] AndroidManifest.xml:7:5-81
25-->[:flutter_local_notifications] AndroidManifest.xml:7:22-78
26    <uses-permission android:name="android.permission.VIBRATE" />
26-->[:flutter_local_notifications] AndroidManifest.xml:8:5-66
26-->[:flutter_local_notifications] AndroidManifest.xml:8:22-63
27    <uses-permission android:name="android.permission.USE_FULL_SCREEN_INTENT" /> <!-- Required by older versions of Google Play services to create IID tokens -->
27-->[:flutter_local_notifications] AndroidManifest.xml:9:5-81
27-->[:flutter_local_notifications] AndroidManifest.xml:9:22-78
28    <uses-permission android:name="com.google.android.c2dm.permission.RECEIVE" /> <!-- 适配Android R包可见性 开始 -->
28-->[com.google.firebase:firebase-messaging:22.0.0] AndroidManifest.xml:25:5-82
28-->[com.google.firebase:firebase-messaging:22.0.0] AndroidManifest.xml:25:22-79
29    <queries package="com.bfnm.mita" >
29-->[com.github.LuckSiege.PictureSelector:picture_library:v2.6.1] AndroidManifest.xml:14:5-21:15
29-->[com.github.LuckSiege.PictureSelector:picture_library:v2.6.1] AndroidManifest.xml:14:14-40
30        <intent>
30-->[com.github.LuckSiege.PictureSelector:picture_library:v2.6.1] AndroidManifest.xml:15:9-17:18
31            <action android:name="android.media.action.IMAGE_CAPTURE" />
31-->[com.github.LuckSiege.PictureSelector:picture_library:v2.6.1] AndroidManifest.xml:16:13-73
31-->[com.github.LuckSiege.PictureSelector:picture_library:v2.6.1] AndroidManifest.xml:16:21-70
32        </intent>
33        <intent>
33-->[com.github.LuckSiege.PictureSelector:picture_library:v2.6.1] AndroidManifest.xml:15:9-17:18
34            <action android:name="android.media.action.ACTION_VIDEO_CAPTURE" />
35        </intent>
36    </queries>
37
38    <uses-permission android:name="com.google.android.finsky.permission.BIND_GET_INSTALL_REFERRER_SERVICE" />
38-->[com.google.android.gms:play-services-measurement:19.0.0] AndroidManifest.xml:26:5-110
38-->[com.google.android.gms:play-services-measurement:19.0.0] AndroidManifest.xml:26:22-107
39
40    <application
40-->src\main\AndroidManifest.xml:9:4-47:19
41        android:appComponentFactory="androidx.core.app.CoreComponentFactory"
41-->[androidx.core:core:1.3.2] AndroidManifest.xml:24:18-86
42        android:debuggable="true"
43        android:icon="@mipmap/ic_launcher"
43-->src\main\AndroidManifest.xml:12:9-43
44        android:label="mita"
44-->src\main\AndroidManifest.xml:10:9-29
45        android:largeHeap="true"
45-->[:flutter_barcode_scanner] AndroidManifest.xml:16:9-33
46        android:requestLegacyExternalStorage="true"
46-->src\main\AndroidManifest.xml:11:8-51
47        android:theme="@style/Theme.AppCompat.NoActionBar" >
47-->[:flutter_barcode_scanner] AndroidManifest.xml:17:9-59
48        <activity
48-->src\main\AndroidManifest.xml:13:9-41:20
49            android:name="com.bfnm.mita.MainActivity"
49-->src\main\AndroidManifest.xml:14:13-41
50            android:configChanges="orientation|keyboardHidden|keyboard|screenSize|smallestScreenSize|locale|layoutDirection|fontScale|screenLayout|density|uiMode"
50-->src\main\AndroidManifest.xml:17:13-163
51            android:hardwareAccelerated="true"
51-->src\main\AndroidManifest.xml:18:13-47
52            android:launchMode="singleTop"
52-->src\main\AndroidManifest.xml:15:13-43
53            android:theme="@style/LaunchTheme"
53-->src\main\AndroidManifest.xml:16:13-47
54            android:windowSoftInputMode="adjustResize" >
54-->src\main\AndroidManifest.xml:19:13-55
55
56            <!--
57                 Specifies an Android theme to apply to this Activity as soon as
58                 the Android process has started. This theme is visible to the user
59                 while the Flutter UI initializes. After that, this theme continues
60                 to determine the Window background behind the Flutter UI.
61            -->
62            <meta-data
62-->src\main\AndroidManifest.xml:24:13-27:17
63                android:name="io.flutter.embedding.android.NormalTheme"
63-->src\main\AndroidManifest.xml:25:15-70
64                android:resource="@style/NormalTheme" />
64-->src\main\AndroidManifest.xml:26:15-52
65            <!--
66                 Displays an Android View that continues showing the launch screen
67                 Drawable until Flutter paints its first frame, then this splash
68                 screen fades out. A splash screen is useful to avoid any visual
69                 gap between the end of Android's launch screen and the painting of
70                 Flutter's first frame.
71            -->
72            <meta-data
72-->src\main\AndroidManifest.xml:33:13-36:17
73                android:name="io.flutter.embedding.android.SplashScreenDrawable"
73-->src\main\AndroidManifest.xml:34:15-79
74                android:resource="@drawable/launch_background" />
74-->src\main\AndroidManifest.xml:35:15-61
75
76            <intent-filter>
76-->src\main\AndroidManifest.xml:37:13-40:29
77                <action android:name="android.intent.action.MAIN" />
77-->src\main\AndroidManifest.xml:38:17-68
77-->src\main\AndroidManifest.xml:38:25-66
78
79                <category android:name="android.intent.category.LAUNCHER" />
79-->src\main\AndroidManifest.xml:39:17-76
79-->src\main\AndroidManifest.xml:39:27-74
80            </intent-filter>
81        </activity>
82        <!--
83             Don't delete the meta-data below.
84             This is used by the Flutter tool to generate GeneratedPluginRegistrant.java
85        -->
86        <meta-data
86-->src\main\AndroidManifest.xml:44:9-46:33
87            android:name="flutterEmbedding"
87-->src\main\AndroidManifest.xml:45:13-44
88            android:value="2" />
88-->src\main\AndroidManifest.xml:46:13-30
89
90        <activity android:name="com.amolg.flutterbarcodescanner.BarcodeCaptureActivity" />
90-->[:flutter_barcode_scanner] AndroidManifest.xml:18:9-91
90-->[:flutter_barcode_scanner] AndroidManifest.xml:18:19-88
91
92        <service
92-->[:firebase_messaging] AndroidManifest.xml:12:9-15:72
93            android:name="io.flutter.plugins.firebase.messaging.FlutterFirebaseMessagingBackgroundService"
93-->[:firebase_messaging] AndroidManifest.xml:13:13-107
94            android:exported="false"
94-->[:firebase_messaging] AndroidManifest.xml:14:13-37
95            android:permission="android.permission.BIND_JOB_SERVICE" />
95-->[:firebase_messaging] AndroidManifest.xml:15:13-69
96        <service
96-->[:firebase_messaging] AndroidManifest.xml:16:9-22:19
97            android:name="io.flutter.plugins.firebase.messaging.FlutterFirebaseMessagingService"
97-->[:firebase_messaging] AndroidManifest.xml:17:13-97
98            android:exported="false" >
98-->[:firebase_messaging] AndroidManifest.xml:18:13-37
99            <intent-filter>
99-->[:firebase_messaging] AndroidManifest.xml:19:13-21:29
100                <action android:name="com.google.firebase.MESSAGING_EVENT" />
100-->[:firebase_messaging] AndroidManifest.xml:20:17-78
100-->[:firebase_messaging] AndroidManifest.xml:20:25-75
101            </intent-filter>
102        </service>
103
104        <receiver
104-->[:firebase_messaging] AndroidManifest.xml:24:9-31:20
105            android:name="io.flutter.plugins.firebase.messaging.FlutterFirebaseMessagingReceiver"
105-->[:firebase_messaging] AndroidManifest.xml:25:13-98
106            android:exported="true"
106-->[:firebase_messaging] AndroidManifest.xml:26:13-36
107            android:permission="com.google.android.c2dm.permission.SEND" >
107-->[:firebase_messaging] AndroidManifest.xml:27:13-73
108            <intent-filter>
108-->[:firebase_messaging] AndroidManifest.xml:28:13-30:29
109                <action android:name="com.google.android.c2dm.intent.RECEIVE" />
109-->[:firebase_messaging] AndroidManifest.xml:29:17-81
109-->[:firebase_messaging] AndroidManifest.xml:29:25-78
110            </intent-filter>
111        </receiver>
112
113        <service
113-->[:firebase_messaging] AndroidManifest.xml:33:9-37:19
114            android:name="com.google.firebase.components.ComponentDiscoveryService"
114-->[:firebase_messaging] AndroidManifest.xml:33:18-89
115            android:directBootAware="true"
115-->[com.google.firebase:firebase-common:20.0.0] AndroidManifest.xml:35:13-43
116            android:exported="false" >
116-->[com.google.firebase:firebase-messaging:22.0.0] AndroidManifest.xml:51:13-37
117            <meta-data
117-->[:firebase_messaging] AndroidManifest.xml:34:13-36:85
118                android:name="com.google.firebase.components:io.flutter.plugins.firebase.messaging.FlutterFirebaseAppRegistrar"
118-->[:firebase_messaging] AndroidManifest.xml:35:17-128
119                android:value="com.google.firebase.components.ComponentRegistrar" />
119-->[:firebase_messaging] AndroidManifest.xml:36:17-82
120            <meta-data
120-->[:cloud_firestore] AndroidManifest.xml:9:13-11:85
121                android:name="com.google.firebase.components:io.flutter.plugins.firebase.firestore.FlutterFirebaseFirestoreRegistrar"
121-->[:cloud_firestore] AndroidManifest.xml:10:17-134
122                android:value="com.google.firebase.components.ComponentRegistrar" />
122-->[:cloud_firestore] AndroidManifest.xml:11:17-82
123            <meta-data
123-->[:firebase_database] AndroidManifest.xml:9:13-11:85
124                android:name="com.google.firebase.components:io.flutter.plugins.firebase.database.FlutterFirebaseAppRegistrar"
124-->[:firebase_database] AndroidManifest.xml:10:17-127
125                android:value="com.google.firebase.components.ComponentRegistrar" />
125-->[:firebase_database] AndroidManifest.xml:11:17-82
126            <meta-data
126-->[:firebase_auth] AndroidManifest.xml:9:13-11:85
127                android:name="com.google.firebase.components:io.flutter.plugins.firebase.auth.FlutterFirebaseAuthRegistrar"
127-->[:firebase_auth] AndroidManifest.xml:10:17-124
128                android:value="com.google.firebase.components.ComponentRegistrar" />
128-->[:firebase_auth] AndroidManifest.xml:11:17-82
129            <meta-data
129-->[:firebase_core] AndroidManifest.xml:9:13-11:85
130                android:name="com.google.firebase.components:io.flutter.plugins.firebase.core.FlutterFirebaseCoreRegistrar"
130-->[:firebase_core] AndroidManifest.xml:10:17-124
131                android:value="com.google.firebase.components.ComponentRegistrar" />
131-->[:firebase_core] AndroidManifest.xml:11:17-82
132            <meta-data
132-->[com.google.firebase:firebase-messaging:22.0.0] AndroidManifest.xml:52:13-54:85
133                android:name="com.google.firebase.components:com.google.firebase.messaging.FirebaseMessagingRegistrar"
133-->[com.google.firebase:firebase-messaging:22.0.0] AndroidManifest.xml:53:17-119
134                android:value="com.google.firebase.components.ComponentRegistrar" />
134-->[com.google.firebase:firebase-messaging:22.0.0] AndroidManifest.xml:54:17-82
135            <meta-data
135-->[com.google.firebase:firebase-datatransport:18.0.0] AndroidManifest.xml:28:13-30:85
136                android:name="com.google.firebase.components:com.google.firebase.datatransport.TransportRegistrar"
136-->[com.google.firebase:firebase-datatransport:18.0.0] AndroidManifest.xml:29:17-115
137                android:value="com.google.firebase.components.ComponentRegistrar" />
137-->[com.google.firebase:firebase-datatransport:18.0.0] AndroidManifest.xml:30:17-82
138            <meta-data
138-->[com.google.firebase:firebase-auth:21.0.1] AndroidManifest.xml:77:13-79:85
139                android:name="com.google.firebase.components:com.google.firebase.auth.FirebaseAuthRegistrar"
139-->[com.google.firebase:firebase-auth:21.0.1] AndroidManifest.xml:78:17-109
140                android:value="com.google.firebase.components.ComponentRegistrar" />
140-->[com.google.firebase:firebase-auth:21.0.1] AndroidManifest.xml:79:17-82
141            <meta-data
141-->[com.google.firebase:firebase-firestore:23.0.3] AndroidManifest.xml:20:13-22:85
142                android:name="com.google.firebase.components:com.google.firebase.firestore.FirestoreRegistrar"
142-->[com.google.firebase:firebase-firestore:23.0.3] AndroidManifest.xml:21:17-111
143                android:value="com.google.firebase.components.ComponentRegistrar" />
143-->[com.google.firebase:firebase-firestore:23.0.3] AndroidManifest.xml:22:17-82
144            <meta-data
144-->[com.google.firebase:firebase-database:20.0.1] AndroidManifest.xml:32:13-34:85
145                android:name="com.google.firebase.components:com.google.firebase.database.DatabaseRegistrar"
145-->[com.google.firebase:firebase-database:20.0.1] AndroidManifest.xml:33:17-109
146                android:value="com.google.firebase.components.ComponentRegistrar" />
146-->[com.google.firebase:firebase-database:20.0.1] AndroidManifest.xml:34:17-82
147            <meta-data
147-->[com.google.android.gms:play-services-measurement-api:19.0.0] AndroidManifest.xml:30:13-32:85
148                android:name="com.google.firebase.components:com.google.firebase.analytics.connector.internal.AnalyticsConnectorRegistrar"
148-->[com.google.android.gms:play-services-measurement-api:19.0.0] AndroidManifest.xml:31:17-139
149                android:value="com.google.firebase.components.ComponentRegistrar" />
149-->[com.google.android.gms:play-services-measurement-api:19.0.0] AndroidManifest.xml:32:17-82
150            <meta-data
150-->[com.google.firebase:firebase-installations:17.0.0] AndroidManifest.xml:18:13-20:85
151                android:name="com.google.firebase.components:com.google.firebase.installations.FirebaseInstallationsRegistrar"
151-->[com.google.firebase:firebase-installations:17.0.0] AndroidManifest.xml:19:17-127
152                android:value="com.google.firebase.components.ComponentRegistrar" />
152-->[com.google.firebase:firebase-installations:17.0.0] AndroidManifest.xml:20:17-82
153        </service>
154
155        <provider
155-->[:firebase_messaging] AndroidManifest.xml:39:9-43:38
156            android:name="io.flutter.plugins.firebase.messaging.FlutterFirebaseMessagingInitProvider"
156-->[:firebase_messaging] AndroidManifest.xml:40:13-102
157            android:authorities="com.bfnm.mita.flutterfirebasemessaginginitprovider"
157-->[:firebase_messaging] AndroidManifest.xml:41:13-88
158            android:exported="false"
158-->[:firebase_messaging] AndroidManifest.xml:42:13-37
159            android:initOrder="99" />
159-->[:firebase_messaging] AndroidManifest.xml:43:13-35
160
161        <receiver android:name="com.dexterous.flutterlocalnotifications.ScheduledNotificationReceiver" />
161-->[:flutter_local_notifications] AndroidManifest.xml:12:9-106
161-->[:flutter_local_notifications] AndroidManifest.xml:12:19-103
162        <receiver android:name="com.dexterous.flutterlocalnotifications.ScheduledNotificationBootReceiver" >
162-->[:flutter_local_notifications] AndroidManifest.xml:13:9-20:20
162-->[:flutter_local_notifications] AndroidManifest.xml:13:19-107
163            <intent-filter>
163-->[:flutter_local_notifications] AndroidManifest.xml:14:13-19:29
164                <action android:name="android.intent.action.BOOT_COMPLETED" />
164-->[:flutter_local_notifications] AndroidManifest.xml:15:17-79
164-->[:flutter_local_notifications] AndroidManifest.xml:15:25-76
165                <action android:name="android.intent.action.MY_PACKAGE_REPLACED" />
165-->[:flutter_local_notifications] AndroidManifest.xml:16:17-84
165-->[:flutter_local_notifications] AndroidManifest.xml:16:25-81
166                <action android:name="android.intent.action.QUICKBOOT_POWERON" />
166-->[:flutter_local_notifications] AndroidManifest.xml:17:17-82
166-->[:flutter_local_notifications] AndroidManifest.xml:17:25-79
167                <action android:name="com.htc.intent.action.QUICKBOOT_POWERON" />
167-->[:flutter_local_notifications] AndroidManifest.xml:18:17-82
167-->[:flutter_local_notifications] AndroidManifest.xml:18:25-79
168            </intent-filter>
169        </receiver>
170        <receiver
170-->[com.google.firebase:firebase-messaging:22.0.0] AndroidManifest.xml:28:9-35:20
171            android:name="com.google.firebase.iid.FirebaseInstanceIdReceiver"
171-->[com.google.firebase:firebase-messaging:22.0.0] AndroidManifest.xml:29:13-78
172            android:exported="true"
172-->[com.google.firebase:firebase-messaging:22.0.0] AndroidManifest.xml:30:13-36
173            android:permission="com.google.android.c2dm.permission.SEND" >
173-->[com.google.firebase:firebase-messaging:22.0.0] AndroidManifest.xml:31:13-73
174            <intent-filter>
174-->[:firebase_messaging] AndroidManifest.xml:28:13-30:29
175                <action android:name="com.google.android.c2dm.intent.RECEIVE" />
175-->[:firebase_messaging] AndroidManifest.xml:29:17-81
175-->[:firebase_messaging] AndroidManifest.xml:29:25-78
176            </intent-filter>
177        </receiver>
178        <!--
179             FirebaseMessagingService performs security checks at runtime,
180             but set to not exported to explicitly avoid allowing another app to call it.
181        -->
182        <service
182-->[com.google.firebase:firebase-messaging:22.0.0] AndroidManifest.xml:41:9-48:19
183            android:name="com.google.firebase.messaging.FirebaseMessagingService"
183-->[com.google.firebase:firebase-messaging:22.0.0] AndroidManifest.xml:42:13-82
184            android:directBootAware="true"
184-->[com.google.firebase:firebase-messaging:22.0.0] AndroidManifest.xml:43:13-43
185            android:exported="false" >
185-->[com.google.firebase:firebase-messaging:22.0.0] AndroidManifest.xml:44:13-37
186            <intent-filter android:priority="-500" >
186-->[:firebase_messaging] AndroidManifest.xml:19:13-21:29
187                <action android:name="com.google.firebase.MESSAGING_EVENT" />
187-->[:firebase_messaging] AndroidManifest.xml:20:17-78
187-->[:firebase_messaging] AndroidManifest.xml:20:25-75
188            </intent-filter>
189        </service>
190        <service
190-->[com.google.android.datatransport:transport-backend-cct:3.0.0] AndroidManifest.xml:29:9-35:19
191            android:name="com.google.android.datatransport.runtime.backends.TransportBackendDiscovery"
191-->[com.google.android.datatransport:transport-backend-cct:3.0.0] AndroidManifest.xml:30:13-103
192            android:exported="false" >
192-->[com.google.android.datatransport:transport-backend-cct:3.0.0] AndroidManifest.xml:31:13-37
193            <meta-data
193-->[com.google.android.datatransport:transport-backend-cct:3.0.0] AndroidManifest.xml:32:13-34:39
194                android:name="backend:com.google.android.datatransport.cct.CctBackendFactory"
194-->[com.google.android.datatransport:transport-backend-cct:3.0.0] AndroidManifest.xml:33:17-94
195                android:value="cct" />
195-->[com.google.android.datatransport:transport-backend-cct:3.0.0] AndroidManifest.xml:34:17-36
196        </service>
197
198        <activity
198-->[com.google.firebase:firebase-auth:21.0.1] AndroidManifest.xml:27:9-44:20
199            android:name="com.google.firebase.auth.internal.GenericIdpActivity"
199-->[com.google.firebase:firebase-auth:21.0.1] AndroidManifest.xml:28:13-80
200            android:excludeFromRecents="true"
200-->[com.google.firebase:firebase-auth:21.0.1] AndroidManifest.xml:29:13-46
201            android:exported="true"
201-->[com.google.firebase:firebase-auth:21.0.1] AndroidManifest.xml:30:13-36
202            android:launchMode="singleTask"
202-->[com.google.firebase:firebase-auth:21.0.1] AndroidManifest.xml:31:13-44
203            android:theme="@android:style/Theme.Translucent.NoTitleBar" >
203-->[com.google.firebase:firebase-auth:21.0.1] AndroidManifest.xml:32:13-72
204            <intent-filter>
204-->[com.google.firebase:firebase-auth:21.0.1] AndroidManifest.xml:33:13-43:29
205                <action android:name="android.intent.action.VIEW" />
205-->[com.google.firebase:firebase-auth:21.0.1] AndroidManifest.xml:34:17-69
205-->[com.google.firebase:firebase-auth:21.0.1] AndroidManifest.xml:34:25-66
206
207                <category android:name="android.intent.category.DEFAULT" />
207-->[com.google.firebase:firebase-auth:21.0.1] AndroidManifest.xml:36:17-76
207-->[com.google.firebase:firebase-auth:21.0.1] AndroidManifest.xml:36:27-73
208                <category android:name="android.intent.category.BROWSABLE" />
208-->[com.google.firebase:firebase-auth:21.0.1] AndroidManifest.xml:37:17-78
208-->[com.google.firebase:firebase-auth:21.0.1] AndroidManifest.xml:37:27-75
209
210                <data
210-->[com.google.firebase:firebase-auth:21.0.1] AndroidManifest.xml:39:17-42:51
211                    android:host="firebase.auth"
211-->[com.google.firebase:firebase-auth:21.0.1] AndroidManifest.xml:40:21-49
212                    android:path="/"
212-->[com.google.firebase:firebase-auth:21.0.1] AndroidManifest.xml:41:21-37
213                    android:scheme="genericidp" />
213-->[com.google.firebase:firebase-auth:21.0.1] AndroidManifest.xml:42:21-48
214            </intent-filter>
215        </activity>
216        <activity
216-->[com.google.firebase:firebase-auth:21.0.1] AndroidManifest.xml:45:9-62:20
217            android:name="com.google.firebase.auth.internal.RecaptchaActivity"
217-->[com.google.firebase:firebase-auth:21.0.1] AndroidManifest.xml:46:13-79
218            android:excludeFromRecents="true"
218-->[com.google.firebase:firebase-auth:21.0.1] AndroidManifest.xml:47:13-46
219            android:exported="true"
219-->[com.google.firebase:firebase-auth:21.0.1] AndroidManifest.xml:48:13-36
220            android:launchMode="singleTask"
220-->[com.google.firebase:firebase-auth:21.0.1] AndroidManifest.xml:49:13-44
221            android:theme="@android:style/Theme.Translucent.NoTitleBar" >
221-->[com.google.firebase:firebase-auth:21.0.1] AndroidManifest.xml:50:13-72
222            <intent-filter>
222-->[com.google.firebase:firebase-auth:21.0.1] AndroidManifest.xml:51:13-61:29
223                <action android:name="android.intent.action.VIEW" />
223-->[com.google.firebase:firebase-auth:21.0.1] AndroidManifest.xml:34:17-69
223-->[com.google.firebase:firebase-auth:21.0.1] AndroidManifest.xml:34:25-66
224
225                <category android:name="android.intent.category.DEFAULT" />
225-->[com.google.firebase:firebase-auth:21.0.1] AndroidManifest.xml:36:17-76
225-->[com.google.firebase:firebase-auth:21.0.1] AndroidManifest.xml:36:27-73
226                <category android:name="android.intent.category.BROWSABLE" />
226-->[com.google.firebase:firebase-auth:21.0.1] AndroidManifest.xml:37:17-78
226-->[com.google.firebase:firebase-auth:21.0.1] AndroidManifest.xml:37:27-75
227
228                <data
228-->[com.google.firebase:firebase-auth:21.0.1] AndroidManifest.xml:39:17-42:51
229                    android:host="firebase.auth"
229-->[com.google.firebase:firebase-auth:21.0.1] AndroidManifest.xml:40:21-49
230                    android:path="/"
230-->[com.google.firebase:firebase-auth:21.0.1] AndroidManifest.xml:41:21-37
231                    android:scheme="recaptcha" />
231-->[com.google.firebase:firebase-auth:21.0.1] AndroidManifest.xml:42:21-48
232            </intent-filter>
233        </activity>
234
235        <service
235-->[com.google.firebase:firebase-auth:21.0.1] AndroidManifest.xml:64:9-73:19
236            android:name="com.google.firebase.auth.api.fallback.service.FirebaseAuthFallbackService"
236-->[com.google.firebase:firebase-auth:21.0.1] AndroidManifest.xml:65:13-101
237            android:enabled="true"
237-->[com.google.firebase:firebase-auth:21.0.1] AndroidManifest.xml:66:13-35
238            android:exported="false" >
238-->[com.google.firebase:firebase-auth:21.0.1] AndroidManifest.xml:67:13-37
239            <intent-filter>
239-->[com.google.firebase:firebase-auth:21.0.1] AndroidManifest.xml:68:13-72:29
240                <action android:name="com.google.firebase.auth.api.gms.service.START" />
240-->[com.google.firebase:firebase-auth:21.0.1] AndroidManifest.xml:69:17-89
240-->[com.google.firebase:firebase-auth:21.0.1] AndroidManifest.xml:69:25-86
241
242                <category android:name="android.intent.category.DEFAULT" />
242-->[com.google.firebase:firebase-auth:21.0.1] AndroidManifest.xml:36:17-76
242-->[com.google.firebase:firebase-auth:21.0.1] AndroidManifest.xml:36:27-73
243            </intent-filter>
244        </service>
245
246        <provider
246-->[com.google.firebase:firebase-common:20.0.0] AndroidManifest.xml:26:9-31:39
247            android:name="com.google.firebase.provider.FirebaseInitProvider"
247-->[com.google.firebase:firebase-common:20.0.0] AndroidManifest.xml:27:13-77
248            android:authorities="com.bfnm.mita.firebaseinitprovider"
248-->[com.google.firebase:firebase-common:20.0.0] AndroidManifest.xml:28:13-72
249            android:directBootAware="true"
249-->[com.google.firebase:firebase-common:20.0.0] AndroidManifest.xml:29:13-43
250            android:exported="false"
250-->[com.google.firebase:firebase-common:20.0.0] AndroidManifest.xml:30:13-37
251            android:initOrder="100" />
251-->[com.google.firebase:firebase-common:20.0.0] AndroidManifest.xml:31:13-36
252
253        <activity
253-->[com.karumi:dexter:6.0.0] AndroidManifest.xml:27:9-29:72
254            android:name="com.karumi.dexter.DexterActivity"
254-->[com.karumi:dexter:6.0.0] AndroidManifest.xml:28:13-60
255            android:theme="@style/Dexter.Internal.Theme.Transparent" />
255-->[com.karumi:dexter:6.0.0] AndroidManifest.xml:29:13-69
256
257        <provider
257-->[com.github.LuckSiege.PictureSelector:picture_library:v2.6.1] AndroidManifest.xml:25:9-33:20
258            android:name="com.luck.picture.lib.PictureFileProvider"
258-->[com.github.LuckSiege.PictureSelector:picture_library:v2.6.1] AndroidManifest.xml:26:13-68
259            android:authorities="com.bfnm.mita.luckProvider"
259-->[com.github.LuckSiege.PictureSelector:picture_library:v2.6.1] AndroidManifest.xml:27:13-64
260            android:exported="false"
260-->[com.github.LuckSiege.PictureSelector:picture_library:v2.6.1] AndroidManifest.xml:28:13-37
261            android:grantUriPermissions="true" >
261-->[com.github.LuckSiege.PictureSelector:picture_library:v2.6.1] AndroidManifest.xml:29:13-47
262            <meta-data
262-->[com.github.LuckSiege.PictureSelector:picture_library:v2.6.1] AndroidManifest.xml:30:13-32:54
263                android:name="android.support.FILE_PROVIDER_PATHS"
263-->[com.github.LuckSiege.PictureSelector:picture_library:v2.6.1] AndroidManifest.xml:31:17-67
264                android:resource="@xml/file_paths" />
264-->[com.github.LuckSiege.PictureSelector:picture_library:v2.6.1] AndroidManifest.xml:32:17-51
265        </provider>
266
267        <activity
267-->[com.github.LuckSiege.PictureSelector:picture_library:v2.6.1] AndroidManifest.xml:35:9-37:77
268            android:name="com.luck.picture.lib.PictureSelectorActivity"
268-->[com.github.LuckSiege.PictureSelector:picture_library:v2.6.1] AndroidManifest.xml:36:13-72
269            android:configChanges="orientation|keyboardHidden|screenSize" />
269-->[com.github.LuckSiege.PictureSelector:picture_library:v2.6.1] AndroidManifest.xml:37:13-74
270        <activity
270-->[com.github.LuckSiege.PictureSelector:picture_library:v2.6.1] AndroidManifest.xml:38:9-40:77
271            android:name="com.luck.picture.lib.PictureSelectorWeChatStyleActivity"
271-->[com.github.LuckSiege.PictureSelector:picture_library:v2.6.1] AndroidManifest.xml:39:13-83
272            android:configChanges="orientation|keyboardHidden|screenSize" />
272-->[com.github.LuckSiege.PictureSelector:picture_library:v2.6.1] AndroidManifest.xml:40:13-74
273        <activity
273-->[com.github.LuckSiege.PictureSelector:picture_library:v2.6.1] AndroidManifest.xml:41:9-44:64